Using pre-set license
Built from '2021.2/staging' branch; Version is '2021.2.3f1 (32358a8527b4) revision 3290506'; Using compiler version '192829333'; Build Type 'Release'
OS: 'Windows 10 Pro for Workstations; OS build 19042.1415; Version 2009; 64bit' Language: 'en' Physical Memory: 16272 MB
BatchMode: 1, IsHumanControllingUs: 0, StartBugReporterOnCrash: 0, Is64bit: 1, IsPro: 0

COMMAND LINE ARGUMENTS:
C:\Program Files\Unity\Hub\Editor\2021.2.3f1\Editor\Unity.exe
-adb2
-batchMode
-noUpm
-name
AssetImportWorker0
-projectPath
D:/UnityProjects/ProceduralAnimationDevTests
-logFile
Logs/AssetImportWorker0.log
-srvPort
50540
Successfully changed project path to: D:/UnityProjects/ProceduralAnimationDevTests
D:/UnityProjects/ProceduralAnimationDevTests
[UnityMemory] Configuration Parameters - Can be set up in boot.config
    "memorysetup-bucket-allocator-granularity=16"
    "memorysetup-bucket-allocator-bucket-count=8"
    "memorysetup-bucket-allocator-block-size=33554432"
    "memorysetup-bucket-allocator-block-count=8"
    "memorysetup-main-allocator-block-size=16777216"
    "memorysetup-thread-allocator-block-size=16777216"
    "memorysetup-gfx-main-allocator-block-size=16777216"
    "memorysetup-gfx-thread-allocator-block-size=16777216"
    "memorysetup-cache-allocator-block-size=4194304"
    "memorysetup-typetree-allocator-block-size=2097152"
    "memorysetup-profiler-bucket-allocator-granularity=16"
    "memorysetup-profiler-bucket-allocator-bucket-count=8"
    "memorysetup-profiler-bucket-allocator-block-size=33554432"
    "memorysetup-profiler-bucket-allocator-block-count=8"
    "memorysetup-profiler-allocator-block-size=16777216"
    "memorysetup-profiler-editor-allocator-block-size=1048576"
    "memorysetup-temp-allocator-size-main=16777216"
    "memorysetup-job-temp-allocator-block-size=2097152"
    "memorysetup-job-temp-allocator-block-size-background=1048576"
    "memorysetup-job-temp-allocator-reduction-small-platforms=262144"
    "memorysetup-temp-allocator-size-background-worker=32768"
    "memorysetup-temp-allocator-size-job-worker=262144"
    "memorysetup-temp-allocator-size-preload-manager=33554432"
    "memorysetup-temp-allocator-size-nav-mesh-worker=65536"
    "memorysetup-temp-allocator-size-audio-worker=65536"
    "memorysetup-temp-allocator-size-cloud-worker=32768"
    "memorysetup-temp-allocator-size-gi-baking-worker=262144"
    "memorysetup-temp-allocator-size-gfx=262144"
Refreshing native plugins compatible for Editor in 84.78 ms, found 3 plugins.
Preloading 0 native plugins for Editor in 0.00 ms.
Initialize engine version: 2021.2.3f1 (32358a8527b4)
[Subsystems] Discovering subsystems at path C:/Program Files/Unity/Hub/Editor/2021.2.3f1/Editor/Data/Resources/UnitySubsystems
[Subsystems] Discovering subsystems at path D:/UnityProjects/ProceduralAnimationDevTests/Assets
GfxDevice: creating device client; threaded=0; jobified=0
Direct3D:
    Version:  Direct3D 11.0 [level 11.1]
    Renderer: NVIDIA GeForce GTX 1660 (ID=0x2184)
    Vendor:   NVIDIA
    VRAM:     5991 MB
    Driver:   30.0.14.9676
Initialize mono
Mono path[0] = 'C:/Program Files/Unity/Hub/Editor/2021.2.3f1/Editor/Data/Managed'
Mono path[1] = 'C:/Program Files/Unity/Hub/Editor/2021.2.3f1/Editor/Data/MonoBleedingEdge/lib/mono/unityjit-win32'
Mono config path = 'C:/Program Files/Unity/Hub/Editor/2021.2.3f1/Editor/Data/MonoBleedingEdge/etc'
Using monoOptions --debugger-agent=transport=dt_socket,embedding=1,server=y,suspend=n,address=127.0.0.1:56920
Begin MonoManager ReloadAssembly
Registering precompiled unity dll's ...
Register platform support module: C:/Program Files/Unity/Hub/Editor/2021.2.3f1/Editor/Data/PlaybackEngines/WindowsStandaloneSupport/UnityEditor.WindowsStandalone.Extensions.dll
Registered in 0.010242 seconds.
Native extension for WindowsStandalone target not found
Refreshing native plugins compatible for Editor in 90.81 ms, found 3 plugins.
Preloading 0 native plugins for Editor in 0.00 ms.
Mono: successfully reloaded assembly
- Completed reload, in  0.704 seconds
Domain Reload Profiling:
	ReloadAssembly (705ms)
		BeginReloadAssembly (80ms)
			ExecutionOrderSort (0ms)
			DisableScriptedObjects (0ms)
			BackupInstance (0ms)
			ReleaseScriptingObjects (0ms)
			CreateAndSetChildDomain (1ms)
		EndReloadAssembly (529ms)
			LoadAssemblies (77ms)
			RebuildTransferFunctionScriptingTraits (0ms)
			SetupTypeCache (121ms)
			ReleaseScriptCaches (0ms)
			RebuildScriptCaches (29ms)
			SetupLoadedEditorAssemblies (319ms)
				LogAssemblyErrors (0ms)
				InitializePlatformSupportModulesInManaged (16ms)
				SetLoadedEditorAssemblies (0ms)
				RefreshPlugins (91ms)
				BeforeProcessingInitializeOnLoad (1ms)
				ProcessInitializeOnLoadAttributes (152ms)
				ProcessInitializeOnLoadMethodAttributes (58ms)
				AfterProcessingInitializeOnLoad (0ms)
				EditorAssembliesLoaded (0ms)
			ExecutionOrderSort2 (0ms)
			AwakeInstancesAfterBackupRestoration (0ms)
Platform modules already initialized, skipping
Registering precompiled user dll's ...
Registered in 0.005032 seconds.
Begin MonoManager ReloadAssembly
Symbol file LoadedFromMemory doesn't match image D:\UnityProjects\ProceduralAnimationDevTests\Library\PackageCache\com.unity.visualscripting@1.7.5\Editor\VisualScripting.Core\Dependencies\YamlDotNet\Unity.VisualScripting.YamlDotNet.dll
Symbol file LoadedFromMemory doesn't match image D:\UnityProjects\ProceduralAnimationDevTests\Library\PackageCache\com.unity.visualscripting@1.7.5\Editor\VisualScripting.Core\Dependencies\DotNetZip\Unity.VisualScripting.IonicZip.dll
Native extension for WindowsStandalone target not found
Refreshing native plugins compatible for Editor in 0.76 ms, found 3 plugins.
Preloading 0 native plugins for Editor in 0.00 ms.
Mono: successfully reloaded assembly
- Completed reload, in  1.214 seconds
Domain Reload Profiling:
	ReloadAssembly (1215ms)
		BeginReloadAssembly (188ms)
			ExecutionOrderSort (0ms)
			DisableScriptedObjects (6ms)
			BackupInstance (0ms)
			ReleaseScriptingObjects (0ms)
			CreateAndSetChildDomain (22ms)
		EndReloadAssembly (908ms)
			LoadAssemblies (83ms)
			RebuildTransferFunctionScriptingTraits (0ms)
			SetupTypeCache (280ms)
			ReleaseScriptCaches (1ms)
			RebuildScriptCaches (50ms)
			SetupLoadedEditorAssemblies (395ms)
				LogAssemblyErrors (0ms)
				InitializePlatformSupportModulesInManaged (13ms)
				SetLoadedEditorAssemblies (0ms)
				RefreshPlugins (1ms)
				BeforeProcessingInitializeOnLoad (91ms)
				ProcessInitializeOnLoadAttributes (251ms)
				ProcessInitializeOnLoadMethodAttributes (28ms)
				AfterProcessingInitializeOnLoad (11ms)
				EditorAssembliesLoaded (0ms)
			ExecutionOrderSort2 (0ms)
			AwakeInstancesAfterBackupRestoration (6ms)
Platform modules already initialized, skipping
========================================================================
Worker process is ready to serve import requests
Launched and connected shader compiler UnityShaderCompiler.exe after 0.05 seconds
Refreshing native plugins compatible for Editor in 0.81 ms, found 3 plugins.
Preloading 0 native plugins for Editor in 0.00 ms.
Unloading 3210 Unused Serialized files (Serialized files now loaded: 0)
Unloading 26 unused Assets / (111.4 KB). Loaded Objects now: 3666.
Memory consumption went from 114.3 MB to 114.2 MB.
Total: 2.954700 ms (FindLiveObjects: 0.307500 ms CreateObjectMapping: 0.085100 ms MarkObjects: 2.470800 ms  DeleteObjects: 0.089600 ms)

AssetImportParameters requested are different than current active one (requested -> active):
  custom:video-decoder-ogg-theora: a1e56fd34408186e4bbccfd4996cb3dc -> 
  custom:container-muxer-webm: aa71ff27fc2769a1b78a27578f13a17b -> 
  custom:container-demuxer-webm: 4f35f7cbe854078d1ac9338744f61a02 -> 
  custom:video-encoder-webm-vp8: eb34c28f22e8b96e1ab97ce403110664 -> 
  custom:audio-encoder-webm-vorbis: bf7c407c2cedff20999df2af8eb42d56 -> 
  custom:framework-win-MediaFoundation: 216162199b28c13a410421893ffa2e32 -> 
  custom:container-demuxer-ogg: 62fdf1f143b41e24485cea50d1cbac27 -> 
  custom:video-decoder-webm-vp8: 9c59270c3fd7afecdb556c50c9e8de78 -> 
  custom:audio-decoder-ogg-vorbis: bf7c407c2cedff20999df2af8eb42d56 -> 
========================================================================
Received Import Request.
  Time since last request: 141551.721690 seconds.
  path: Assets
  artifactKey: Guid(00000000000000001000000000000000) Importer(815301076,1909f56bfc062723c751e8b465ee728b)
Start importing Assets using Guid(00000000000000001000000000000000) Importer(815301076,1909f56bfc062723c751e8b465ee728b)  -> (artifact id: '79842766b460edbeab6a34051e857a80') in 0.010693 seconds 
========================================================================
Received Import Request.
  Time since last request: 5.686724 seconds.
  path: Assets/Models
  artifactKey: Guid(a495e580f2fe0904bbd3668b20fd6360) Importer(815301076,1909f56bfc062723c751e8b465ee728b)
Start importing Assets/Models using Guid(a495e580f2fe0904bbd3668b20fd6360) Importer(815301076,1909f56bfc062723c751e8b465ee728b)  -> (artifact id: '07b5b49c493da17555ffcfc37b8aa5d0') in 0.006508 seconds 
========================================================================
Received Import Request.
  Time since last request: 55.945017 seconds.
  path: Assets/Models/xbot.fbx
  artifactKey: Guid(97172fdf7238f0a4ea99cc7cbea199fb) Importer(815301076,1909f56bfc062723c751e8b465ee728b)
Start importing Assets/Models/xbot.fbx using Guid(97172fdf7238f0a4ea99cc7cbea199fb) Importer(815301076,1909f56bfc062723c751e8b465ee728b)  -> (artifact id: '757f8234300510413c18f1bbfb348c76') in 0.355552 seconds 
========================================================================
Received Import Request.
  Time since last request: 22.034458 seconds.
  path: Assets/Models/ybot.fbx
  artifactKey: Guid(75c2f3e99620ce0459131e18b819d370) Importer(815301076,1909f56bfc062723c751e8b465ee728b)
Start importing Assets/Models/ybot.fbx using Guid(75c2f3e99620ce0459131e18b819d370) Importer(815301076,1909f56bfc062723c751e8b465ee728b)  -> (artifact id: 'b0539250361e5f734dba851040a42313') in 0.139634 seconds 
========================================================================
Received Import Request.
  Time since last request: 4.723717 seconds.
  path: Assets/Models/ybot.fbx
  artifactKey: Guid(75c2f3e99620ce0459131e18b819d370) Importer(815301076,1909f56bfc062723c751e8b465ee728b)
Start importing Assets/Models/ybot.fbx using Guid(75c2f3e99620ce0459131e18b819d370) Importer(815301076,1909f56bfc062723c751e8b465ee728b)  -> (artifact id: 'b48a3e296eb433e087d2cb68a8592804') in 0.059934 seconds 
========================================================================
Received Import Request.
  Time since last request: 18.787287 seconds.
  path: Assets/Models/xbot.fbx
  artifactKey: Guid(97172fdf7238f0a4ea99cc7cbea199fb) Importer(815301076,1909f56bfc062723c751e8b465ee728b)
Start importing Assets/Models/xbot.fbx using Guid(97172fdf7238f0a4ea99cc7cbea199fb) Importer(815301076,1909f56bfc062723c751e8b465ee728b)  -> (artifact id: '1b57bb56d16de72c9f9d2c0612e55402') in 0.040128 seconds 
========================================================================
Received Import Request.
  Time since last request: 4.267337 seconds.
  path: Assets/Models/xbot.fbx
  artifactKey: Guid(97172fdf7238f0a4ea99cc7cbea199fb) Importer(815301076,1909f56bfc062723c751e8b465ee728b)
Start importing Assets/Models/xbot.fbx using Guid(97172fdf7238f0a4ea99cc7cbea199fb) Importer(815301076,1909f56bfc062723c751e8b465ee728b)  -> (artifact id: '164ee0a6080cf92842aadaaebbc6f829') in 0.040641 seconds 
========================================================================
Received Import Request.
  Time since last request: 1.819385 seconds.
  path: Assets/Models/ybot.fbx
  artifactKey: Guid(75c2f3e99620ce0459131e18b819d370) Importer(815301076,1909f56bfc062723c751e8b465ee728b)
Start importing Assets/Models/ybot.fbx using Guid(75c2f3e99620ce0459131e18b819d370) Importer(815301076,1909f56bfc062723c751e8b465ee728b)  -> (artifact id: '8e1a5305fc031db743276ff8f2ebc3d8') in 0.042518 seconds 
========================================================================
Received Import Request.
  Time since last request: 40.709150 seconds.
  path: Assets/Models/xbot.fbx
  artifactKey: Guid(97172fdf7238f0a4ea99cc7cbea199fb) Importer(815301076,1909f56bfc062723c751e8b465ee728b)
Start importing Assets/Models/xbot.fbx using Guid(97172fdf7238f0a4ea99cc7cbea199fb) Importer(815301076,1909f56bfc062723c751e8b465ee728b)  -> (artifact id: '5b67c8b39d0b71d3a42758849d620e7b') in 0.058163 seconds 
========================================================================
Received Import Request.
  Time since last request: 13.033676 seconds.
  path: Assets/Models/xbot.fbx
  artifactKey: Guid(97172fdf7238f0a4ea99cc7cbea199fb) Importer(815301076,1909f56bfc062723c751e8b465ee728b)
Start importing Assets/Models/xbot.fbx using Guid(97172fdf7238f0a4ea99cc7cbea199fb) Importer(815301076,1909f56bfc062723c751e8b465ee728b)  -> (artifact id: 'fa21b26c159ba0b8d1be48ae9506ed97') in 0.046483 seconds 
========================================================================
Received Import Request.
  Time since last request: 4.529763 seconds.
  path: Assets/Models/ybot.fbx
  artifactKey: Guid(75c2f3e99620ce0459131e18b819d370) Importer(815301076,1909f56bfc062723c751e8b465ee728b)
Start importing Assets/Models/ybot.fbx using Guid(75c2f3e99620ce0459131e18b819d370) Importer(815301076,1909f56bfc062723c751e8b465ee728b)  -> (artifact id: '35a5448ed59642c1105612d248b106d2') in 0.041144 seconds 
========================================================================
Received Import Request.
  Time since last request: 13.204304 seconds.
  path: Assets/Models/ybot.fbx
  artifactKey: Guid(75c2f3e99620ce0459131e18b819d370) Importer(815301076,1909f56bfc062723c751e8b465ee728b)
Start importing Assets/Models/ybot.fbx using Guid(75c2f3e99620ce0459131e18b819d370) Importer(815301076,1909f56bfc062723c751e8b465ee728b)  -> (artifact id: '9248569905eda2d6a2257e3335897f99') in 0.053915 seconds 
========================================================================
Received Import Request.
  Time since last request: 4.101008 seconds.
  path: Assets/Models/xbot.fbx
  artifactKey: Guid(97172fdf7238f0a4ea99cc7cbea199fb) Importer(815301076,1909f56bfc062723c751e8b465ee728b)
Start importing Assets/Models/xbot.fbx using Guid(97172fdf7238f0a4ea99cc7cbea199fb) Importer(815301076,1909f56bfc062723c751e8b465ee728b)  -> (artifact id: '0a1ec33f09cf0c03155e0380aa7e794a') in 0.057947 seconds 
========================================================================
Received Import Request.
  Time since last request: 76.151995 seconds.
  path: Assets/SpiderOrange/Materials
  artifactKey: Guid(0d5a53a9c3dcc8044afd7139a4c20c2c) Importer(815301076,1909f56bfc062723c751e8b465ee728b)
Start importing Assets/SpiderOrange/Materials using Guid(0d5a53a9c3dcc8044afd7139a4c20c2c) Importer(815301076,1909f56bfc062723c751e8b465ee728b)  -> (artifact id: '57e8fbedf7a63f15f967b1d15fc848e6') in 0.004954 seconds 
========================================================================
Received Import Request.
  Time since last request: 0.322335 seconds.
  path: Assets/SpiderOrange/Model
  artifactKey: Guid(16d1305b6ef9e1e409e972f98226de8b) Importer(815301076,1909f56bfc062723c751e8b465ee728b)
Start importing Assets/SpiderOrange/Model using Guid(16d1305b6ef9e1e409e972f98226de8b) Importer(815301076,1909f56bfc062723c751e8b465ee728b)  -> (artifact id: 'b5887be9096caf822e958591dc4cb4c5') in 0.004853 seconds 
========================================================================
Received Import Request.
  Time since last request: 0.047169 seconds.
  path: Assets/SpiderOrange/Model/OrangeSpider.fbx
  artifactKey: Guid(5d67c81cdf5717340b0943f1f80dd628) Importer(815301076,1909f56bfc062723c751e8b465ee728b)
Start importing Assets/SpiderOrange/Model/OrangeSpider.fbx using Guid(5d67c81cdf5717340b0943f1f80dd628) Importer(815301076,1909f56bfc062723c751e8b465ee728b)  -> (artifact id: '7f728ebddaed33b29468936599fa8921') in 0.022965 seconds 
========================================================================
Received Import Request.
  Time since last request: 6.555352 seconds.
  path: Assets/SpiderOrange/Prefab/SpiderOrange.prefab
  artifactKey: Guid(5c7f0950aa535ce4faef155ad244c136) Importer(815301076,1909f56bfc062723c751e8b465ee728b)
Start importing Assets/SpiderOrange/Prefab/SpiderOrange.prefab using Guid(5c7f0950aa535ce4faef155ad244c136) Importer(815301076,1909f56bfc062723c751e8b465ee728b)  -> (artifact id: 'b0c097a4c5238c23ea89b5b4e5f0278a') in 0.208152 seconds 
========================================================================
Received Import Request.
  Time since last request: 7.008695 seconds.
  path: Assets/SpiderOrange/Texture/Ambient Occlusion Map from Mesh DefaultMaterial.png
  artifactKey: Guid(98b4ded919fb9184a830ac128a98ec22) Importer(815301076,1909f56bfc062723c751e8b465ee728b)
Start importing Assets/SpiderOrange/Texture/Ambient Occlusion Map from Mesh DefaultMaterial.png using Guid(98b4ded919fb9184a830ac128a98ec22) Importer(815301076,1909f56bfc062723c751e8b465ee728b)  -> (artifact id: 'b134f174bdedcaa970c5947ec6e67509') in 0.046436 seconds 
========================================================================
Received Import Request.
  Time since last request: 0.000015 seconds.
  path: Assets/SpiderOrange/Texture/NPCSpider_DefaultMaterial_MetallicSmoothness.png
  artifactKey: Guid(bc2a1a1f518b7d846b2f55e16bf88327) Importer(815301076,1909f56bfc062723c751e8b465ee728b)
Start importing Assets/SpiderOrange/Texture/NPCSpider_DefaultMaterial_MetallicSmoothness.png using Guid(bc2a1a1f518b7d846b2f55e16bf88327) Importer(815301076,1909f56bfc062723c751e8b465ee728b)  -> (artifact id: '1baa5dd6792533bc43f893f59c29717d') in 0.013197 seconds 
========================================================================
Received Import Request.
  Time since last request: 3.302727 seconds.
  path: Assets/SpiderOrange/Materials/Ground.mat
  artifactKey: Guid(44d8ce73570e38b41901fd4a7b2a2f62) Importer(815301076,1909f56bfc062723c751e8b465ee728b)
Start importing Assets/SpiderOrange/Materials/Ground.mat using Guid(44d8ce73570e38b41901fd4a7b2a2f62) Importer(815301076,1909f56bfc062723c751e8b465ee728b)  -> (artifact id: 'fd2ae9553eb0f160d244dca825ab2a67') in 0.016052 seconds 
========================================================================
Received Import Request.
  Time since last request: 19.892039 seconds.
  path: Assets/SpiderOrange/Scene/Demo.unity
  artifactKey: Guid(6bf7f4286243db8479aef7c274254103) Importer(815301076,1909f56bfc062723c751e8b465ee728b)
Start importing Assets/SpiderOrange/Scene/Demo.unity using Guid(6bf7f4286243db8479aef7c274254103) Importer(815301076,1909f56bfc062723c751e8b465ee728b)  -> (artifact id: 'e210799b011a275fc67a1e3cc89a5459') in 0.005488 seconds 
========================================================================
Received Prepare
Registering precompiled user dll's ...
Registered in 0.003451 seconds.
Begin MonoManager ReloadAssembly
Symbol file LoadedFromMemory doesn't match image D:\UnityProjects\ProceduralAnimationDevTests\Library\PackageCache\com.unity.visualscripting@1.7.5\Editor\VisualScripting.Core\Dependencies\YamlDotNet\Unity.VisualScripting.YamlDotNet.dll
Symbol file LoadedFromMemory doesn't match image D:\UnityProjects\ProceduralAnimationDevTests\Library\PackageCache\com.unity.visualscripting@1.7.5\Editor\VisualScripting.Core\Dependencies\DotNetZip\Unity.VisualScripting.IonicZip.dll
Native extension for WindowsStandalone target not found
Refreshing native plugins compatible for Editor in 0.61 ms, found 3 plugins.
Preloading 0 native plugins for Editor in 0.00 ms.
Mono: successfully reloaded assembly
- Completed reload, in  0.998 seconds
Domain Reload Profiling:
	ReloadAssembly (998ms)
		BeginReloadAssembly (132ms)
			ExecutionOrderSort (0ms)
			DisableScriptedObjects (4ms)
			BackupInstance (0ms)
			ReleaseScriptingObjects (0ms)
			CreateAndSetChildDomain (32ms)
		EndReloadAssembly (770ms)
			LoadAssemblies (71ms)
			RebuildTransferFunctionScriptingTraits (0ms)
			SetupTypeCache (242ms)
			ReleaseScriptCaches (1ms)
			RebuildScriptCaches (37ms)
			SetupLoadedEditorAssemblies (312ms)
				LogAssemblyErrors (0ms)
				InitializePlatformSupportModulesInManaged (12ms)
				SetLoadedEditorAssemblies (0ms)
				RefreshPlugins (1ms)
				BeforeProcessingInitializeOnLoad (66ms)
				ProcessInitializeOnLoadAttributes (203ms)
				ProcessInitializeOnLoadMethodAttributes (21ms)
				AfterProcessingInitializeOnLoad (8ms)
				EditorAssembliesLoaded (0ms)
			ExecutionOrderSort2 (0ms)
			AwakeInstancesAfterBackupRestoration (12ms)
Platform modules already initialized, skipping
Refreshing native plugins compatible for Editor in 0.59 ms, found 3 plugins.
Preloading 0 native plugins for Editor in 0.00 ms.
Unloading 3207 Unused Serialized files (Serialized files now loaded: 0)
Unloading 22 unused Assets / (78.6 KB). Loaded Objects now: 3742.
Memory consumption went from 135.7 MB to 135.7 MB.
Total: 5.468700 ms (FindLiveObjects: 0.862600 ms CreateObjectMapping: 0.125400 ms MarkObjects: 4.365400 ms  DeleteObjects: 0.114200 ms)

AssetImportParameters requested are different than current active one (requested -> active):
  custom:video-decoder-ogg-theora: a1e56fd34408186e4bbccfd4996cb3dc -> 
  custom:container-muxer-webm: aa71ff27fc2769a1b78a27578f13a17b -> 
  custom:container-demuxer-webm: 4f35f7cbe854078d1ac9338744f61a02 -> 
  custom:video-encoder-webm-vp8: eb34c28f22e8b96e1ab97ce403110664 -> 
  custom:audio-encoder-webm-vorbis: bf7c407c2cedff20999df2af8eb42d56 -> 
  custom:framework-win-MediaFoundation: 216162199b28c13a410421893ffa2e32 -> 
  custom:container-demuxer-ogg: 62fdf1f143b41e24485cea50d1cbac27 -> 
  custom:video-decoder-webm-vp8: 9c59270c3fd7afecdb556c50c9e8de78 -> 
  custom:audio-decoder-ogg-vorbis: bf7c407c2cedff20999df2af8eb42d56 -> 
========================================================================
Received Import Request.
  Time since last request: 80.582260 seconds.
  path: Assets/SpiderOrange
  artifactKey: Guid(6db78ba91a7822245904593bff6fc2eb) Importer(815301076,1909f56bfc062723c751e8b465ee728b)
Start importing Assets/SpiderOrange using Guid(6db78ba91a7822245904593bff6fc2eb) Importer(815301076,1909f56bfc062723c751e8b465ee728b)  -> (artifact id: 'e71f4493f3f9cf6d69191db0c6f55544') in 0.005929 seconds 
========================================================================
Received Import Request.
  Time since last request: 12.416741 seconds.
  path: Assets/Models/SpiderOrange/Prefab
  artifactKey: Guid(86a2d6c74fb86a34c8c0334c5893cc34) Importer(815301076,1909f56bfc062723c751e8b465ee728b)
Start importing Assets/Models/SpiderOrange/Prefab using Guid(86a2d6c74fb86a34c8c0334c5893cc34) Importer(815301076,1909f56bfc062723c751e8b465ee728b)  -> (artifact id: 'cbbc8fd81b830c4cdc50766088cc0b25') in 0.004510 seconds 
========================================================================
Received Import Request.
  Time since last request: 8.948578 seconds.
  path: Assets/Models/SpiderOrange/Scene
  artifactKey: Guid(b816cf00ef17f3a4086177fdd4e55b8f) Importer(815301076,1909f56bfc062723c751e8b465ee728b)
Start importing Assets/Models/SpiderOrange/Scene using Guid(b816cf00ef17f3a4086177fdd4e55b8f) Importer(815301076,1909f56bfc062723c751e8b465ee728b)  -> (artifact id: 'e95ae0c30e0ce1e3364accb247e3ec4b') in 0.005065 seconds 
========================================================================
Received Import Request.
  Time since last request: 7.341737 seconds.
  path: Assets/Models/SpiderOrange/Model/Materials/Texture
  artifactKey: Guid(1854571614d0e3e428aa0e3be7649310) Importer(815301076,1909f56bfc062723c751e8b465ee728b)
Start importing Assets/Models/SpiderOrange/Model/Materials/Texture using Guid(1854571614d0e3e428aa0e3be7649310) Importer(815301076,1909f56bfc062723c751e8b465ee728b)  -> (artifact id: 'cb175945fbc8f191da6a95ba001222ef') in 0.005301 seconds 
========================================================================
Received Import Request.
  Time since last request: 15.860037 seconds.
  path: Assets/Scenes/SampleScene.unity
  artifactKey: Guid(9fc0d4010bbf28b4594072e72b8655ab) Importer(815301076,1909f56bfc062723c751e8b465ee728b)
Start importing Assets/Scenes/SampleScene.unity using Guid(9fc0d4010bbf28b4594072e72b8655ab) Importer(815301076,1909f56bfc062723c751e8b465ee728b)  -> (artifact id: '3cc543865ef8e9a79821693d4970ac2c') in 0.013259 seconds 
========================================================================
Received Import Request.
  Time since last request: 115.502929 seconds.
  path: Assets/Models/Humanoids
  artifactKey: Guid(9ab102ef9662cc14b85c3fbfe55e904a) Importer(815301076,1909f56bfc062723c751e8b465ee728b)
Start importing Assets/Models/Humanoids using Guid(9ab102ef9662cc14b85c3fbfe55e904a) Importer(815301076,1909f56bfc062723c751e8b465ee728b)  -> (artifact id: '65346c769eddd4e6910d27c880ef3e52') in 0.004966 seconds 
========================================================================
Received Import Request.
  Time since last request: 7.724135 seconds.
  path: Assets/Models/Humanoids/Models
  artifactKey: Guid(96b883120e329b34e89f6b2753aa478c) Importer(815301076,1909f56bfc062723c751e8b465ee728b)
Start importing Assets/Models/Humanoids/Models using Guid(96b883120e329b34e89f6b2753aa478c) Importer(815301076,1909f56bfc062723c751e8b465ee728b)  -> (artifact id: 'b9910b962abb9f0ff6e6ddc9bc376931') in 0.005653 seconds 
========================================================================
Received Import Request.
  Time since last request: 69.326996 seconds.
  path: Assets/Models/Humanoids/XBot.prefab
  artifactKey: Guid(e82bab3fcdb34bf4c88fc3dcfed97758) Importer(815301076,1909f56bfc062723c751e8b465ee728b)
Start importing Assets/Models/Humanoids/XBot.prefab using Guid(e82bab3fcdb34bf4c88fc3dcfed97758) Importer(815301076,1909f56bfc062723c751e8b465ee728b)  -> (artifact id: '98d9dee084eadc268202402c84165b59') in 0.062231 seconds 
========================================================================
Received Import Request.
  Time since last request: 4.988983 seconds.
  path: Assets/Models/Humanoids/YBot.prefab
  artifactKey: Guid(1fc50da8cb16b0444b0d8a83b60f5587) Importer(815301076,1909f56bfc062723c751e8b465ee728b)
Start importing Assets/Models/Humanoids/YBot.prefab using Guid(1fc50da8cb16b0444b0d8a83b60f5587) Importer(815301076,1909f56bfc062723c751e8b465ee728b)  -> (artifact id: 'ff36913ffcd939bfd4dfe6e3013d2732') in 0.024518 seconds 
========================================================================
Received Import Request.
  Time since last request: 2.457071 seconds.
  path: Assets/Models/Humanoids/XBot.prefab
  artifactKey: Guid(e82bab3fcdb34bf4c88fc3dcfed97758) Importer(815301076,1909f56bfc062723c751e8b465ee728b)
Start importing Assets/Models/Humanoids/XBot.prefab using Guid(e82bab3fcdb34bf4c88fc3dcfed97758) Importer(815301076,1909f56bfc062723c751e8b465ee728b)  -> (artifact id: '7dd2a0113acfc99fb664797c8e9e16a5') in 0.016501 seconds 
========================================================================
Received Prepare
Registering precompiled user dll's ...
Registered in 0.005488 seconds.
Begin MonoManager ReloadAssembly
Symbol file LoadedFromMemory doesn't match image D:\UnityProjects\ProceduralAnimationDevTests\Library\PackageCache\com.unity.visualscripting@1.7.5\Editor\VisualScripting.Core\Dependencies\YamlDotNet\Unity.VisualScripting.YamlDotNet.dll
Symbol file LoadedFromMemory doesn't match image D:\UnityProjects\ProceduralAnimationDevTests\Library\PackageCache\com.unity.visualscripting@1.7.5\Editor\VisualScripting.Core\Dependencies\DotNetZip\Unity.VisualScripting.IonicZip.dll
Native extension for WindowsStandalone target not found
Refreshing native plugins compatible for Editor in 0.90 ms, found 3 plugins.
Preloading 0 native plugins for Editor in 0.00 ms.
Mono: successfully reloaded assembly
- Completed reload, in  1.487 seconds
Domain Reload Profiling:
	ReloadAssembly (1488ms)
		BeginReloadAssembly (124ms)
			ExecutionOrderSort (0ms)
			DisableScriptedObjects (5ms)
			BackupInstance (0ms)
			ReleaseScriptingObjects (0ms)
			CreateAndSetChildDomain (33ms)
		EndReloadAssembly (1264ms)
			LoadAssemblies (82ms)
			RebuildTransferFunctionScriptingTraits (0ms)
			SetupTypeCache (299ms)
			ReleaseScriptCaches (1ms)
			RebuildScriptCaches (42ms)
			SetupLoadedEditorAssemblies (720ms)
				LogAssemblyErrors (0ms)
				InitializePlatformSupportModulesInManaged (15ms)
				SetLoadedEditorAssemblies (1ms)
				RefreshPlugins (1ms)
				BeforeProcessingInitializeOnLoad (88ms)
				ProcessInitializeOnLoadAttributes (582ms)
				ProcessInitializeOnLoadMethodAttributes (23ms)
				AfterProcessingInitializeOnLoad (10ms)
				EditorAssembliesLoaded (0ms)
			ExecutionOrderSort2 (0ms)
			AwakeInstancesAfterBackupRestoration (13ms)
Platform modules already initialized, skipping
Refreshing native plugins compatible for Editor in 1.52 ms, found 3 plugins.
Preloading 0 native plugins for Editor in 0.00 ms.
Unloading 3634 Unused Serialized files (Serialized files now loaded: 0)
Unloading 28 unused Assets / (125.1 KB). Loaded Objects now: 4167.
Memory consumption went from 160.4 MB to 160.2 MB.
Total: 4.122500 ms (FindLiveObjects: 0.338900 ms CreateObjectMapping: 0.093800 ms MarkObjects: 3.536200 ms  DeleteObjects: 0.151900 ms)

AssetImportParameters requested are different than current active one (requested -> active):
  custom:video-decoder-ogg-theora: a1e56fd34408186e4bbccfd4996cb3dc -> 
  custom:container-muxer-webm: aa71ff27fc2769a1b78a27578f13a17b -> 
  custom:container-demuxer-webm: 4f35f7cbe854078d1ac9338744f61a02 -> 
  custom:video-encoder-webm-vp8: eb34c28f22e8b96e1ab97ce403110664 -> 
  custom:audio-encoder-webm-vorbis: bf7c407c2cedff20999df2af8eb42d56 -> 
  custom:framework-win-MediaFoundation: 216162199b28c13a410421893ffa2e32 -> 
  custom:container-demuxer-ogg: 62fdf1f143b41e24485cea50d1cbac27 -> 
  custom:video-decoder-webm-vp8: 9c59270c3fd7afecdb556c50c9e8de78 -> 
  custom:audio-decoder-ogg-vorbis: bf7c407c2cedff20999df2af8eb42d56 -> 
========================================================================
Received Import Request.
  Time since last request: 321.241219 seconds.
  path: Assets/Imports
  artifactKey: Guid(a495e580f2fe0904bbd3668b20fd6360) Importer(815301076,1909f56bfc062723c751e8b465ee728b)
Start importing Assets/Imports using Guid(a495e580f2fe0904bbd3668b20fd6360) Importer(815301076,1909f56bfc062723c751e8b465ee728b)  -> (artifact id: '9a75c440dc38779c87056c94b4a1c9db') in 0.009097 seconds 
